  Gareki.cpp
c:\users\cliff\documents\visual studio 2017\projects\gareki_crash\gareki_crash\gareki.cpp(37): warning C4018: '<': signed と unsigned の数値を比較しようとしました。
c:\users\cliff\documents\visual studio 2017\projects\gareki_crash\gareki_crash\gareki.cpp(43): warning C4018: '<': signed と unsigned の数値を比較しようとしました。
c:\users\cliff\documents\visual studio 2017\projects\gareki_crash\gareki_crash\gareki.cpp(44): warning C4018: '<': signed と unsigned の数値を比較しようとしました。
c:\users\cliff\documents\visual studio 2017\projects\gareki_crash\gareki_crash\gareki.cpp(66): warning C4101: 'a': ローカル変数は 1 度も使われていません。
c:\users\cliff\documents\visual studio 2017\projects\gareki_crash\gareki_crash\gareki.cpp(84): warning C4018: '<': signed と unsigned の数値を比較しようとしました。
c:\users\cliff\documents\visual studio 2017\projects\gareki_crash\gareki_crash\gareki.cpp(90): warning C4018: '<': signed と unsigned の数値を比較しようとしました。
c:\users\cliff\documents\visual studio 2017\projects\gareki_crash\gareki_crash\gareki.cpp(91): warning C4018: '<': signed と unsigned の数値を比較しようとしました。
c:\users\cliff\documents\visual studio 2017\projects\gareki_crash\gareki_crash\gareki.cpp(168): warning C4244: '初期化中': 'double' から 'int' への変換です。データが失われる可能性があります。
c:\users\cliff\documents\visual studio 2017\projects\gareki_crash\gareki_crash\gareki.cpp(169): warning C4244: '初期化中': 'double' から 'int' への変換です。データが失われる可能性があります。
  Block.cpp
  コードを生成中...
c:\users\cliff\documents\visual studio 2017\projects\gareki_crash\gareki_crash\block.cpp(30): warning C4715: 'Block::Int_to_Block': 値を返さないコントロール パスがあります。
  コンパイル中...
  main.cpp
  Stage.cpp
  GarekiManager.cpp
c:\users\cliff\documents\visual studio 2017\projects\gareki_crash\gareki_crash\garekimanager.cpp(48): warning C4018: '<': signed と unsigned の数値を比較しようとしました。
c:\users\cliff\documents\visual studio 2017\projects\gareki_crash\gareki_crash\garekimanager.cpp(53): warning C4018: '<': signed と unsigned の数値を比較しようとしました。
c:\users\cliff\documents\visual studio 2017\projects\gareki_crash\gareki_crash\garekimanager.cpp(73): warning C4018: '<': signed と unsigned の数値を比較しようとしました。
c:\users\cliff\documents\visual studio 2017\projects\gareki_crash\gareki_crash\garekimanager.cpp(85): warning C4018: '<': signed と unsigned の数値を比較しようとしました。
c:\users\cliff\documents\visual studio 2017\projects\gareki_crash\gareki_crash\garekimanager.cpp(88): warning C4018: '<': signed と unsigned の数値を比較しようとしました。
c:\users\cliff\documents\visual studio 2017\projects\gareki_crash\gareki_crash\garekimanager.cpp(96): warning C4018: '<': signed と unsigned の数値を比較しようとしました。
c:\users\cliff\documents\visual studio 2017\projects\gareki_crash\gareki_crash\garekimanager.cpp(99): warning C4018: '<': signed と unsigned の数値を比較しようとしました。
c:\users\cliff\documents\visual studio 2017\projects\gareki_crash\gareki_crash\garekimanager.cpp(103): warning C4018: '<': signed と unsigned の数値を比較しようとしました。
c:\users\cliff\documents\visual studio 2017\projects\gareki_crash\gareki_crash\garekimanager.cpp(109): warning C4018: '<': signed と unsigned の数値を比較しようとしました。
c:\users\cliff\documents\visual studio 2017\projects\gareki_crash\gareki_crash\garekimanager.cpp(112): warning C4018: '<': signed と unsigned の数値を比較しようとしました。
c:\users\cliff\documents\visual studio 2017\projects\gareki_crash\gareki_crash\garekimanager.cpp(116): warning C4018: '<': signed と unsigned の数値を比較しようとしました。
c:\users\cliff\documents\visual studio 2017\projects\gareki_crash\gareki_crash\garekimanager.cpp(123): warning C4018: '<': signed と unsigned の数値を比較しようとしました。
  BombManager.cpp
  Bomb.cpp
  コードを生成中...
c:\users\cliff\documents\visual studio 2017\projects\gareki_crash\gareki_crash\bomb.cpp(74): warning C4715: 'Bomb::Explosion': 値を返さないコントロール パスがあります。
  Gareki_Crash.vcxproj -> C:\Users\cliff\Documents\Visual Studio 2017\Projects\Gareki_Crash\Debug\Gareki_Crash.exe
  Gareki_Crash.vcxproj -> C:\Users\cliff\Documents\Visual Studio 2017\Projects\Gareki_Crash\Debug\Gareki_Crash.pdb (Partial PDB)
